\BOOKMARK [1][-]{section.1}{\376\377\122\115\212\000}{}% 1
\BOOKMARK [1][-]{section.2}{\376\377\172\172\154\043\154\141\147\323\226\062\122\066\214\273\202\007\172\172\154\141\127\372\221\321\116\113\133\232\140\047}{}% 2
\BOOKMARK [2][-]{subsection.2.1}{\376\377\172\172\154\043\154\141\147\323\226\062\122\066\214\273\116\113\140\047\214\352}{section.2}% 3
\BOOKMARK [3][-]{subsubsection.2.1.1}{\376\377\172\172\154\141\127\372\221\321\116\113\124\010\154\325\140\047\173\241\143\247}{subsection.2.1}% 4
\BOOKMARK [1][-]{section.3}{\376\377\172\172\154\043\154\141\147\323\226\062\122\066\127\372\221\321\116\113\214\241\156\220}{}% 5
\BOOKMARK [2][-]{subsection.3.1}{\376\377\172\172\154\043\154\141\147\323\226\062\122\066\214\273}{section.3}% 6
\BOOKMARK [3][-]{subsubsection.3.1.1}{\376\377\154\325\137\213\117\335\165\131\123\237\122\107}{subsection.3.1}% 7
\BOOKMARK [3][-]{subsubsection.3.1.2}{\376\377\154\141\147\323\200\005\116\330\214\273\123\237\122\107}{subsection.3.1}% 8
\BOOKMARK [3][-]{subsubsection.3.1.3}{\376\377\143\222\145\076\221\317\202\007\123\237\162\151\145\231\117\177\165\050\221\317\116\113\124\010\164\006\225\334\200\157}{subsection.3.1}% 9
\BOOKMARK [2][-]{subsection.3.2}{\376\377\164\260\117\335\177\162\230\020\173\227\144\245\210\334}{section.3}% 10
\BOOKMARK [1][-]{section.4}{\376\377\172\172\154\043\154\141\147\323\226\062\122\066\127\372\221\321\116\113\165\050\220\024}{}% 11
\BOOKMARK [2][-]{subsection.4.1}{\376\377\127\372\221\321\165\050\220\024\116\113\220\350\122\006\221\315\123\340}{section.4}% 12
\BOOKMARK [2][-]{subsection.4.2}{\376\377\127\372\221\321\214\241\156\220\202\007\165\050\220\024\116\113\134\015\141\311\225\334\200\157}{section.4}% 13
\BOOKMARK [1][-]{section.5}{\376\377\147\054\145\207\136\372\213\160}{}% 14
\BOOKMARK [2][-]{subsection.5.1}{\376\377\172\172\154\141\214\273\116\113\221\315\145\260\133\232\140\047}{section.5}% 15
\BOOKMARK [2][-]{subsection.5.2}{\376\377\172\172\154\141\127\372\221\321\116\113\133\130\136\342}{section.5}% 16
\BOOKMARK [3][-]{subsubsection.5.2.1}{\376\377\116\015\133\234\210\301\144\244\172\172\154\141\127\372\221\321}{subsection.5.2}% 17
\BOOKMARK [3][-]{subsubsection.5.2.2}{\376\377\117\335\165\131\172\172\154\141\127\372\221\321\116\113\123\357\210\114\140\047}{subsection.5.2}% 18
\BOOKMARK [1][-]{section.6}{\376\377\175\120\212\326\202\007\136\372\213\160}{}% 19
\BOOKMARK [2][-]{subsection.6.1}{\376\377\170\024\172\166\175\120\212\326}{section.6}% 20
\BOOKMARK [2][-]{subsection.6.2}{\376\377\170\024\172\166\134\125\147\033}{section.6}% 21
